2025-07-11 08:52:14,259 [INFO] Activator:176 - 


2025-07-11 08:52:14,263 [INFO] Activator:177 - !SESSION log4j initialized
2025-07-11 08:52:19,217 [INFO] LogOutputStream:77 - [STDOUT_REDIRECT] 
2025-07-11 08:52:20,652 [INFO] ApplicationProperties:184 - Using Application install path: /opt/st/stm32cubeide_1.18.1/../../../home/user20/.eclipse/com.st.stm32cube.ide.mcu.rcp.product_1.18.1_139067097_linux_gtk_x86_64/plugins/com.st.stm32cube.common.mx_6.15.0.202507011659
2025-07-11 08:52:20,672 [INFO] DbMcusXml:78 - Set database path to: /opt/st/stm32cubeide_1.18.1/../../../home/user20/.eclipse/com.st.stm32cube.ide.mcu.rcp.product_1.18.1_139067097_linux_gtk_x86_64/plugins/com.st.stm32cube.common.mx_6.15.0.202507011659//db//mcu/
2025-07-11 08:52:20,673 [INFO] ApiDb:274 - Set plugin database path to: /opt/st/stm32cubeide_1.18.1/../../../home/user20/.eclipse/com.st.stm32cube.ide.mcu.rcp.product_1.18.1_139067097_linux_gtk_x86_64/plugins/com.st.stm32cube.common.mx_6.15.0.202507011659//db//plugins/boardmanager/
2025-07-11 08:52:20,673 [WARN] ApiDb:259 - Overriding images path with different value:  => /opt/st/stm32cubeide_1.18.1/../../../home/user20/.eclipse/com.st.stm32cube.ide.mcu.rcp.product_1.18.1_139067097_linux_gtk_x86_64/plugins/com.st.stm32cube.common.mx_6.15.0.202507011659//db//plugins/mcufinder/images/
2025-07-11 08:52:20,683 [INFO] ApiDb:250 - Set database path to: /home/user20/.stmcufinder/plugins/mcufinder//mcu/
2025-07-11 08:52:20,684 [INFO] DbMcusAds:125 - Set database path to: /home/user20/.stmcufinder/plugins/mcufinder//mcu/
2025-07-11 08:52:20,687 [INFO] CrossReferenceDbSqlite:203 - Set database path to: /home/user20/.stmcufinder/plugins/mcufinder//mcu/cs/
2025-07-11 08:52:20,853 [INFO] RulesReader:64 - Compatibility file has been processed (317 Rules)
2025-07-11 08:52:20,962 [INFO] DbMcusXml:78 - Set database path to: /opt/st/stm32cubeide_1.18.1/../../../home/user20/.eclipse/com.st.stm32cube.ide.mcu.rcp.product_1.18.1_139067097_linux_gtk_x86_64/plugins/com.st.stm32cube.common.mx_6.15.0.202507011659//db//mcu/
2025-07-11 08:52:20,962 [INFO] ApiDb:274 - Set plugin database path to: /opt/st/stm32cubeide_1.18.1/../../../home/user20/.eclipse/com.st.stm32cube.ide.mcu.rcp.product_1.18.1_139067097_linux_gtk_x86_64/plugins/com.st.stm32cube.common.mx_6.15.0.202507011659//db//plugins/boardmanager/
2025-07-11 08:52:20,962 [INFO] ApiDb:261 - Set plugin images path to: /opt/st/stm32cubeide_1.18.1/../../../home/user20/.eclipse/com.st.stm32cube.ide.mcu.rcp.product_1.18.1_139067097_linux_gtk_x86_64/plugins/com.st.stm32cube.common.mx_6.15.0.202507011659//db//plugins/mcufinder/images/
2025-07-11 08:52:20,963 [WARN] DbFile:41 - Overriding database path with different value: /home/user20/.stmcufinder/plugins/mcufinder/ => /home/user20/.stmcufinder/plugins/mcufinder
2025-07-11 08:52:20,963 [INFO] ApiDb:250 - Set database path to: /home/user20/.stmcufinder/plugins/mcufinder//mcu/
2025-07-11 08:52:20,963 [WARN] DbFile:41 - Overriding database path with different value: /home/user20/.stmcufinder/plugins/mcufinder/ => /home/user20/.stmcufinder/plugins/mcufinder
2025-07-11 08:52:20,963 [INFO] DbMcusAds:125 - Set database path to: /home/user20/.stmcufinder/plugins/mcufinder//mcu/
2025-07-11 08:52:20,963 [WARN] DbFile:41 - Overriding database path with different value: /home/user20/.stmcufinder/plugins/mcufinder/ => /home/user20/.stmcufinder/plugins/mcufinder
2025-07-11 08:52:20,963 [WARN] DbFile:41 - Overriding database path with different value: /home/user20/.stmcufinder/plugins/mcufinder/ => /home/user20/.stmcufinder/plugins/mcufinder
2025-07-11 08:52:20,963 [INFO] CrossReferenceDbSqlite:203 - Set database path to: /home/user20/.stmcufinder/plugins/mcufinder//mcu/cs/
2025-07-11 08:52:21,050 [INFO] MainPanel:274 - HeapMemory: 268435456
2025-07-11 08:52:21,194 [INFO] DbMcusXml:78 - Set database path to: /opt/st/stm32cubeide_1.18.1/../../../home/user20/.eclipse/com.st.stm32cube.ide.mcu.rcp.product_1.18.1_139067097_linux_gtk_x86_64/plugins/com.st.stm32cube.common.mx_6.15.0.202507011659//db//mcu/
2025-07-11 08:52:21,194 [INFO] ApiDb:274 - Set plugin database path to: /opt/st/stm32cubeide_1.18.1/../../../home/user20/.eclipse/com.st.stm32cube.ide.mcu.rcp.product_1.18.1_139067097_linux_gtk_x86_64/plugins/com.st.stm32cube.common.mx_6.15.0.202507011659//db//plugins/boardmanager/
2025-07-11 08:52:21,194 [INFO] ApiDb:261 - Set plugin images path to: /opt/st/stm32cubeide_1.18.1/../../../home/user20/.eclipse/com.st.stm32cube.ide.mcu.rcp.product_1.18.1_139067097_linux_gtk_x86_64/plugins/com.st.stm32cube.common.mx_6.15.0.202507011659//db//plugins/mcufinder/images/
2025-07-11 08:52:21,194 [WARN] DbFile:41 - Overriding database path with different value: /home/user20/.stmcufinder/plugins/mcufinder/ => /home/user20/.stmcufinder/plugins/mcufinder
2025-07-11 08:52:21,195 [INFO] ApiDb:250 - Set database path to: /home/user20/.stmcufinder/plugins/mcufinder//mcu/
2025-07-11 08:52:21,195 [WARN] DbFile:41 - Overriding database path with different value: /home/user20/.stmcufinder/plugins/mcufinder/ => /home/user20/.stmcufinder/plugins/mcufinder
2025-07-11 08:52:21,195 [INFO] DbMcusAds:125 - Set database path to: /home/user20/.stmcufinder/plugins/mcufinder//mcu/
2025-07-11 08:52:21,195 [WARN] DbFile:41 - Overriding database path with different value: /home/user20/.stmcufinder/plugins/mcufinder/ => /home/user20/.stmcufinder/plugins/mcufinder
2025-07-11 08:52:21,195 [WARN] DbFile:41 - Overriding database path with different value: /home/user20/.stmcufinder/plugins/mcufinder/ => /home/user20/.stmcufinder/plugins/mcufinder
2025-07-11 08:52:21,195 [INFO] CrossReferenceDbSqlite:203 - Set database path to: /home/user20/.stmcufinder/plugins/mcufinder//mcu/cs/
2025-07-11 08:52:21,212 [INFO] ApplicationProperties:184 - Using Application install path: /opt/st/stm32cubeide_1.18.1/../../../home/user20/.eclipse/com.st.stm32cube.ide.mcu.rcp.product_1.18.1_139067097_linux_gtk_x86_64/plugins/com.st.stm32cube.common.mx_6.15.0.202507011659
2025-07-11 08:52:21,214 [INFO] PluginManage:196 - Search for loadable plugins [exclusion list=, ]
2025-07-11 08:52:21,216 [INFO] PluginManage:310 - Check plugin analytics
2025-07-11 08:52:21,474 [INFO] AnalyticsPlugin:253 - Accepted Software Licenses: 
2025-07-11 08:52:21,474 [INFO] AnalyticsPlugin:255 - Accepted CMSIS Pack Licenses: 
2025-07-11 08:52:21,474 [INFO] AnalyticsPlugin:257 - Accepted Firmware Licenses: FW.F4.1.28.0
2025-07-11 08:52:21,478 [INFO] PluginManage:359 - Loaded plugin analytics (category:tool,tabindex:-1)
2025-07-11 08:52:21,479 [INFO] PluginManage:310 - Check plugin cadmodel
2025-07-11 08:52:21,487 [INFO] CADModel:105 - Init CAD model plugin
2025-07-11 08:52:21,488 [INFO] PluginManage:359 - Loaded plugin cadmodel (category:power,tabindex:5)
2025-07-11 08:52:21,488 [INFO] PluginManage:310 - Check plugin clock
2025-07-11 08:52:21,501 [INFO] PluginManage:359 - Loaded plugin clock (category:base,tabindex:2)
2025-07-11 08:52:21,502 [INFO] PluginManage:310 - Check plugin ddr
2025-07-11 08:52:21,504 [INFO] PluginManage:359 - Loaded plugin ddr (category:tool,tabindex:6)
2025-07-11 08:52:21,504 [INFO] PluginManage:310 - Check plugin filemanager
2025-07-11 08:52:21,701 [INFO] PluginManage:359 - Loaded plugin filemanager (category:base,tabindex:10)
2025-07-11 08:52:21,702 [INFO] PluginManage:310 - Check plugin ipmanager
2025-07-11 08:52:21,709 [INFO] PluginManage:359 - Loaded plugin ipmanager (category:base,tabindex:5)
2025-07-11 08:52:21,709 [INFO] PluginManage:310 - Check plugin lpbam
2025-07-11 08:52:21,721 [INFO] PluginManage:359 - Loaded plugin lpbam (category:base,tabindex:0)
2025-07-11 08:52:21,721 [INFO] PluginManage:310 - Check plugin memorymap
2025-07-11 08:52:21,738 [INFO] PluginManage:359 - Loaded plugin memorymap (category:base,tabindex:4)
2025-07-11 08:52:21,738 [INFO] PluginManage:310 - Check plugin pinoutandconfiguration
2025-07-11 08:52:21,749 [INFO] PluginManage:359 - Loaded plugin pinoutandconfiguration (category:base,tabindex:1)
2025-07-11 08:52:21,749 [INFO] PluginManage:310 - Check plugin pinoutconfig
2025-07-11 08:52:21,869 [WARN] SupportedApi:132 - Cannot load RTOS API schema: s4s-elt-must-match.1: The content of 'definitions' must match (annotation?, (simpleType | complexType)?, (unique | key | keyref)*)). A problem was found starting at: attribute.
2025-07-11 08:52:22,068 [INFO] PluginManage:359 - Loaded plugin pinoutconfig (category:base,tabindex:0)
2025-07-11 08:52:22,068 [INFO] PluginManage:310 - Check plugin power
2025-07-11 08:52:22,081 [INFO] PluginManage:359 - Loaded plugin power (category:power,tabindex:4)
2025-07-11 08:52:22,081 [INFO] PluginManage:310 - Check plugin projectmanager
2025-07-11 08:52:22,111 [INFO] PluginManage:359 - Loaded plugin projectmanager (category:projectmanager,tabindex:4)
2025-07-11 08:52:22,111 [INFO] PluginManage:310 - Check plugin rif
2025-07-11 08:52:22,122 [INFO] PluginManage:359 - Loaded plugin rif (category:base,tabindex:3)
2025-07-11 08:52:22,122 [INFO] PluginManage:310 - Check plugin thirdparty
2025-07-11 08:52:22,310 [INFO] PluginManage:359 - Loaded plugin thirdparty (category:base,tabindex:-1)
2025-07-11 08:52:22,309 [WARN] IntegrityCheckThread:84 - waiting for thirdparty lock release [integrity check]
2025-07-11 08:52:22,310 [INFO] PluginManage:310 - Check plugin tools
2025-07-11 08:52:22,313 [INFO] IntegrityCheckThread:86 - entering critical section [integrity check]
2025-07-11 08:52:22,313 [INFO] PluginManage:359 - Loaded plugin tools (category:base,tabindex:7)
2025-07-11 08:52:22,313 [INFO] ThirdPartyUpdaterWithRetryManager:70 - Updater plugin not ready yet. [1/15]
2025-07-11 08:52:22,313 [INFO] PluginManage:310 - Check plugin tutovideos
2025-07-11 08:52:22,512 [INFO] PluginManage:359 - Loaded plugin tutovideos (category:base,tabindex:-1)
2025-07-11 08:52:22,512 [INFO] PluginManage:310 - Check plugin updater
2025-07-11 08:52:22,536 [INFO] PluginManage:359 - Loaded plugin updater (category:base,tabindex:12)
2025-07-11 08:52:22,536 [INFO] PluginManage:310 - Check plugin userauth
2025-07-11 08:52:22,540 [INFO] UserAuth:118 - Init User Auth plugin
2025-07-11 08:52:22,541 [INFO] PluginManage:359 - Loaded plugin userauth (category:base,tabindex:14)
2025-07-11 08:52:22,541 [INFO] PluginManage:283 - PluginManage : Loaded plugins [18]
2025-07-11 08:52:22,724 [INFO] PinOutPanel:1589 - setPackage(No Configuration,No Configuration)
2025-07-11 08:52:22,806 [INFO] CADModel:165 - CPN selected for project level
2025-07-11 08:52:22,806 [INFO] CADModel:114 - Register for checkConnection events
2025-07-11 08:52:22,819 [INFO] IPUIPlugin:80 - create IPUIPlugin
2025-07-11 08:52:22,819 [INFO] PluginManager:220 - loadIPPluginJar : add nvic
2025-07-11 08:52:22,826 [INFO] IPUIPlugin:80 - create IPUIPlugin
2025-07-11 08:52:22,827 [INFO] PluginManager:220 - loadIPPluginJar : add i3c
2025-07-11 08:52:22,828 [INFO] IPUIPlugin:80 - create IPUIPlugin
2025-07-11 08:52:22,829 [INFO] PluginManager:220 - loadIPPluginJar : add radio
2025-07-11 08:52:22,831 [INFO] IPUIPlugin:80 - create IPUIPlugin
2025-07-11 08:52:22,831 [INFO] PluginManager:220 - loadIPPluginJar : add aes
2025-07-11 08:52:22,834 [INFO] IPUIPlugin:80 - create IPUIPlugin
2025-07-11 08:52:22,834 [INFO] PluginManager:220 - loadIPPluginJar : add sai
2025-07-11 08:52:22,840 [INFO] IPUIPlugin:80 - create IPUIPlugin
2025-07-11 08:52:22,840 [INFO] PluginManager:220 - loadIPPluginJar : add freertos
2025-07-11 08:52:22,842 [INFO] IPUIPlugin:80 - create IPUIPlugin
2025-07-11 08:52:22,842 [INFO] PluginManager:220 - loadIPPluginJar : add fatfs
2025-07-11 08:52:22,847 [INFO] IPUIPlugin:80 - create IPUIPlugin
2025-07-11 08:52:22,847 [INFO] PluginManager:220 - loadIPPluginJar : add resmgrutility
2025-07-11 08:52:22,852 [INFO] IPUIPlugin:80 - create IPUIPlugin
2025-07-11 08:52:22,852 [INFO] PluginManager:220 - loadIPPluginJar : add gic
2025-07-11 08:52:22,853 [INFO] IPUIPlugin:80 - create IPUIPlugin
2025-07-11 08:52:22,854 [INFO] PluginManager:220 - loadIPPluginJar : add ltdc
2025-07-11 08:52:22,857 [INFO] IPUIPlugin:80 - create IPUIPlugin
2025-07-11 08:52:22,857 [INFO] PluginManager:220 - loadIPPluginJar : add touchsensing
2025-07-11 08:52:22,859 [INFO] IPUIPlugin:80 - create IPUIPlugin
2025-07-11 08:52:22,859 [INFO] PluginManager:220 - loadIPPluginJar : add cryp
2025-07-11 08:52:22,862 [INFO] IPUIPlugin:80 - create IPUIPlugin
2025-07-11 08:52:22,862 [INFO] PluginManager:220 - loadIPPluginJar : add i2c
2025-07-11 08:52:22,864 [INFO] IPUIPlugin:80 - create IPUIPlugin
2025-07-11 08:52:22,864 [INFO] PluginManager:220 - loadIPPluginJar : add tim
2025-07-11 08:52:22,866 [INFO] IPUIPlugin:80 - create IPUIPlugin
2025-07-11 08:52:22,866 [INFO] PluginManager:220 - loadIPPluginJar : add ts
2025-07-11 08:52:22,869 [INFO] IPUIPlugin:80 - create IPUIPlugin
2025-07-11 08:52:22,869 [INFO] PluginManager:220 - loadIPPluginJar : add usbx
2025-07-11 08:52:22,870 [INFO] IPUIPlugin:80 - create IPUIPlugin
2025-07-11 08:52:22,870 [INFO] PluginManager:220 - loadIPPluginJar : add genericplugin
2025-07-11 08:52:22,873 [INFO] IPUIPlugin:80 - create IPUIPlugin
2025-07-11 08:52:22,873 [INFO] PluginManager:220 - loadIPPluginJar : add lorawan
2025-07-11 08:52:22,879 [INFO] IPUIPlugin:80 - create IPUIPlugin
2025-07-11 08:52:22,879 [INFO] PluginManager:220 - loadIPPluginJar : add dma
2025-07-11 08:52:22,882 [INFO] IPUIPlugin:80 - create IPUIPlugin
2025-07-11 08:52:22,882 [INFO] PluginManager:220 - loadIPPluginJar : add openamp
2025-07-11 08:52:22,885 [INFO] IPUIPlugin:80 - create IPUIPlugin
2025-07-11 08:52:22,886 [INFO] PluginManager:220 - loadIPPluginJar : add ddr_ctrl_phy
2025-07-11 08:52:22,887 [INFO] IPUIPlugin:80 - create IPUIPlugin
2025-07-11 08:52:22,888 [INFO] PluginManager:220 - loadIPPluginJar : add tracer_emb
2025-07-11 08:52:22,890 [INFO] IPUIPlugin:80 - create IPUIPlugin
2025-07-11 08:52:22,890 [INFO] PluginManager:220 - loadIPPluginJar : add can
2025-07-11 08:52:22,896 [INFO] IPUIPlugin:80 - create IPUIPlugin
2025-07-11 08:52:22,896 [INFO] PluginManager:220 - loadIPPluginJar : add mdma
2025-07-11 08:52:22,899 [INFO] IPUIPlugin:80 - create IPUIPlugin
2025-07-11 08:52:22,900 [INFO] PluginManager:220 - loadIPPluginJar : add gtzc
2025-07-11 08:52:22,902 [INFO] IPUIPlugin:80 - create IPUIPlugin
2025-07-11 08:52:22,902 [INFO] PluginManager:220 - loadIPPluginJar : add dma3
2025-07-11 08:52:22,907 [INFO] IPUIPlugin:80 - create IPUIPlugin
2025-07-11 08:52:22,907 [INFO] PluginManager:220 - loadIPPluginJar : add fmc
2025-07-11 08:52:22,916 [INFO] IPUIPlugin:80 - create IPUIPlugin
2025-07-11 08:52:22,916 [INFO] PluginManager:220 - loadIPPluginJar : add linkedlist
2025-07-11 08:52:22,918 [INFO] IPUIPlugin:80 - create IPUIPlugin
2025-07-11 08:52:22,918 [INFO] PluginManager:220 - loadIPPluginJar : add spi
2025-07-11 08:52:22,921 [INFO] IPUIPlugin:80 - create IPUIPlugin
2025-07-11 08:52:22,921 [INFO] PluginManager:220 - loadIPPluginJar : add gfxmmu
2025-07-11 08:52:22,926 [INFO] IPUIPlugin:80 - create IPUIPlugin
2025-07-11 08:52:22,926 [INFO] PluginManager:220 - loadIPPluginJar : add gpio
2025-07-11 08:52:22,928 [INFO] IPUIPlugin:80 - create IPUIPlugin
2025-07-11 08:52:22,928 [INFO] PluginManager:220 - loadIPPluginJar : add hash
2025-07-11 08:52:22,930 [INFO] IPUIPlugin:80 - create IPUIPlugin
2025-07-11 08:52:22,931 [INFO] PluginManager:220 - loadIPPluginJar : add i2s
2025-07-11 08:52:22,933 [INFO] IPUIPlugin:80 - create IPUIPlugin
2025-07-11 08:52:22,933 [INFO] PluginManager:220 - loadIPPluginJar : add ucpd
2025-07-11 08:52:22,937 [INFO] IPUIPlugin:80 - create IPUIPlugin
2025-07-11 08:52:22,938 [INFO] PluginManager:220 - loadIPPluginJar : add dfsdm
2025-07-11 08:52:22,940 [INFO] IPUIPlugin:80 - create IPUIPlugin
2025-07-11 08:52:22,940 [INFO] PluginManager:220 - loadIPPluginJar : add quadspi
2025-07-11 08:52:22,942 [INFO] IPUIPlugin:80 - create IPUIPlugin
2025-07-11 08:52:22,942 [INFO] PluginManager:220 - loadIPPluginJar : add comp
2025-07-11 08:52:22,949 [INFO] IPUIPlugin:80 - create IPUIPlugin
2025-07-11 08:52:22,949 [INFO] PluginManager:220 - loadIPPluginJar : add pdm2pcm
2025-07-11 08:52:22,953 [INFO] IPUIPlugin:80 - create IPUIPlugin
2025-07-11 08:52:22,953 [INFO] PluginManager:220 - loadIPPluginJar : add ipddr
2025-07-11 08:52:22,956 [INFO] IPUIPlugin:80 - create IPUIPlugin
2025-07-11 08:52:22,956 [INFO] PluginManager:220 - loadIPPluginJar : add extmemmanager
2025-07-11 08:52:22,959 [INFO] IPUIPlugin:80 - create IPUIPlugin
2025-07-11 08:52:22,959 [INFO] PluginManager:220 - loadIPPluginJar : add opamp
2025-07-11 08:52:22,964 [INFO] IPUIPlugin:80 - create IPUIPlugin
2025-07-11 08:52:22,964 [INFO] PluginManager:220 - loadIPPluginJar : add usart
2025-07-11 08:52:22,971 [INFO] IPUIPlugin:80 - create IPUIPlugin
2025-07-11 08:52:22,971 [INFO] PluginManager:220 - loadIPPluginJar : add adc
2025-07-11 08:52:22,977 [INFO] IPUIPlugin:80 - create IPUIPlugin
2025-07-11 08:52:22,978 [INFO] PluginManager:220 - loadIPPluginJar : add stm32_wpan
2025-07-11 08:52:22,984 [INFO] IPUIPlugin:80 - create IPUIPlugin
2025-07-11 08:52:22,987 [INFO] PluginManager:220 - loadIPPluginJar : add plateformsettings
2025-07-11 08:52:22,988 [INFO] IPUIPlugin:80 - create IPUIPlugin
2025-07-11 08:52:22,989 [INFO] PluginManager:220 - loadIPPluginJar : add tsc
2025-07-11 08:52:23,098 [FATAL] Updater:351 - Updater called before beeing initialized
2025-07-11 08:52:23,124 [INFO] RulesReader:64 - Compatibility file has been processed (317 Rules)
2025-07-11 08:52:23,135 [INFO] RulesReader:64 - Compatibility file has been processed (317 Rules)
2025-07-11 08:52:23,142 [INFO] CADModel:165 - CPN selected for project level
2025-07-11 08:52:23,142 [INFO] CADModel:114 - Register for checkConnection events
2025-07-11 08:52:23,142 [FATAL] Updater:351 - Updater called before beeing initialized
2025-07-11 08:52:23,142 [ERROR] CADModel:125 - Updater not yet initialized, retry later 
2025-07-11 08:52:23,332 [FATAL] Updater:351 - Updater called before beeing initialized
2025-07-11 08:52:23,334 [INFO] CADModel:165 - CPN selected for project level
2025-07-11 08:52:23,334 [INFO] CADModel:114 - Register for checkConnection events
2025-07-11 08:52:23,334 [FATAL] Updater:351 - Updater called before beeing initialized
2025-07-11 08:52:23,334 [ERROR] CADModel:125 - Updater not yet initialized, retry later 
2025-07-11 08:52:23,341 [FATAL] Updater:351 - Updater called before beeing initialized
2025-07-11 08:52:23,517 [FATAL] Updater:351 - Updater called before beeing initialized
2025-07-11 08:52:23,521 [INFO] DbMcusAds:53 - JSON generation date=Thu Sep 30 15:55:09 KST 2021 (1632984909247)
2025-07-11 08:52:23,521 [FATAL] Updater:351 - Updater called before beeing initialized
2025-07-11 08:52:23,562 [WARN] DetailPanel:346 - Failed to get advertising image, set to default
2025-07-11 08:52:23,653 [FATAL] Updater:351 - Updater called before beeing initialized
2025-07-11 08:52:23,655 [FATAL] Updater:351 - Updater called before beeing initialized
2025-07-11 08:52:23,655 [FATAL] Updater:351 - Updater called before beeing initialized
2025-07-11 08:52:23,655 [WARN] DetailPanel:346 - Failed to get advertising image, set to default
2025-07-11 08:52:23,656 [FATAL] Updater:351 - Updater called before beeing initialized
2025-07-11 08:52:23,696 [ERROR] Updater:1198 - MainUpdater not yet initialized. External WinMGr cannot be set.
2025-07-11 08:52:23,697 [INFO] Updater:1134 - Updater Version found : 6.15.0
2025-07-11 08:52:23,729 [INFO] ApplicationProperties:184 - Using Application install path: /opt/st/stm32cubeide_1.18.1/../../../home/user20/.eclipse/com.st.stm32cube.ide.mcu.rcp.product_1.18.1_139067097_linux_gtk_x86_64/plugins/com.st.stm32cube.common.mx_6.15.0.202507011659
2025-07-11 08:52:23,742 [ERROR] LogOutputStream:75 - [STDERR_REDIRECT] Jul 11, 2025 8:52:23 AM java.util.prefs.FileSystemPreferences$2 run
2025-07-11 08:52:23,742 [ERROR] LogOutputStream:75 - [STDERR_REDIRECT] WARNING: Could not create system preferences directory. System preferences are unusable.
2025-07-11 08:52:23,743 [ERROR] LogOutputStream:75 - [STDERR_REDIRECT] 
2025-07-11 08:52:24,139 [INFO] MainUpdater:2872 - connection check result : 10
2025-07-11 08:52:24,140 [INFO] MainUpdater:289 - Updater Check For Update Now.
2025-07-11 08:52:24,140 [INFO] MicroXplorer:498 - Change Database Version : DB.6.0.150
2025-07-11 08:52:24,147 [INFO] McuFinderGlobals:63 - Set McuFinder mode to 2 (CubeIDE integrated)
2025-07-11 08:52:24,147 [INFO] UserAuth:171 - activating auth plugin
2025-07-11 08:52:24,159 [INFO] UserAuth:487 - Internet connection configuration mode: 1
2025-07-11 08:52:24,209 [INFO] JxBrowserEngine:152 - Initiate JxBrowser Engine with user profile folder
2025-07-11 08:52:24,359 [INFO] CheckServerUpdateThread:120 - End of CheckServer Thread
2025-07-11 08:52:25,640 [WARN] PackLoader:240 - Cannot read IP mode file for STMicroelectronics.FP-SNS-MOTENVWB1.1.4.0
2025-07-11 08:52:25,653 [WARN] PackLoader:240 - Cannot read IP mode file for STMicroelectronics.FP-ATR-ASTRA1.2.0.2
2025-07-11 08:52:25,669 [WARN] PackLoader:240 - Cannot read IP mode file for STMicroelectronics.X-CUBE-SMBUS.2.1.0
2025-07-11 08:52:25,674 [WARN] PackLoader:240 - Cannot read IP mode file for STMicroelectronics.X-CUBE-ST60.1.0.0
2025-07-11 08:52:25,679 [INFO] WebApp:169 - Instantiating new browser for Auth
2025-07-11 08:52:25,788 [WARN] PackLoader:240 - Cannot read IP mode file for STMicroelectronics.X-CUBE-AZRTOS-F7.1.1.0
2025-07-11 08:52:25,839 [WARN] PackLoader:240 - Cannot read IP mode file for Infineon.AIROC-Wi-Fi-Bluetooth-STM32.1.7.0
2025-07-11 08:52:25,898 [WARN] PackLoader:240 - Cannot read IP mode file for STMicroelectronics.X-CUBE-AZRTOS-H7.3.4.0
2025-07-11 08:52:25,908 [WARN] PackLoader:240 - Cannot read IP mode file for STMicroelectronics.X-CUBE-DISPLAY.3.0.0
2025-07-11 08:52:25,924 [WARN] PackLoader:240 - Cannot read IP mode file for STMicroelectronics.X-CUBE-NFC10.1.0.0
2025-07-11 08:52:25,937 [WARN] PackLoader:240 - Cannot read IP mode file for STMicroelectronics.X-CUBE-BLEMGR.4.0.0
2025-07-11 08:52:25,947 [WARN] PackLoader:240 - Cannot read IP mode file for emotas.I-CUBE-CANOPEN.1.3.0
2025-07-11 08:52:25,951 [WARN] ConditionMgr:438 - getConditionDescription Invalid condition id : Cortex-A Device cause : null
2025-07-11 08:52:25,965 [WARN] ConditionMgr:1044 - genDependencies : Invalid condition id : Cortex-A Device cause : null
2025-07-11 08:52:25,965 [WARN] ConditionMgr:1044 - genDependencies : Invalid condition id : Cortex-A Device cause : null
2025-07-11 08:52:25,965 [WARN] ConditionMgr:1044 - genDependencies : Invalid condition id : Cortex-A Device cause : null
2025-07-11 08:52:25,969 [WARN] PackLoader:240 - Cannot read IP mode file for STMicroelectronics.FP-SNS-SMARTAG2.1.2.0
2025-07-11 08:52:25,992 [WARN] PackLoader:240 - Cannot read IP mode file for STMicroelectronics.FP-SNS-FLIGHT1.5.1.0
2025-07-11 08:52:26,061 [INFO] LogOutputStream:77 - [STDOUT_REDIRECT] 1 : Invalid condition id : UX_CORESTACK_Condition cause : null
2025-07-11 08:52:26,062 [INFO] LogOutputStream:77 - [STDOUT_REDIRECT] 1 : Invalid condition id : UX_CORESTACK_Condition cause : null
2025-07-11 08:52:26,063 [INFO] LogOutputStream:77 - [STDOUT_REDIRECT] 1 : Invalid condition id : UX_CORESTACK_Condition cause : null
2025-07-11 08:52:26,063 [INFO] LogOutputStream:77 - [STDOUT_REDIRECT] 1 : Invalid condition id : UX_CORESTACK_Condition cause : null
2025-07-11 08:52:26,064 [INFO] LogOutputStream:77 - [STDOUT_REDIRECT] 1 : Invalid condition id : UX_CORESTACK_Condition cause : null
2025-07-11 08:52:26,069 [WARN] PackLoader:240 - Cannot read IP mode file for STMicroelectronics.X-CUBE-AZRTOS-WL.2.0.0
2025-07-11 08:52:26,075 [WARN] PackLoader:240 - Cannot read IP mode file for STMicroelectronics.FP-SNS-MOTENV1.5.0.0
2025-07-11 08:52:26,097 [WARN] PackLoader:240 - Cannot read IP mode file for WES.I-CUBE-Cesium.1.3.0
2025-07-11 08:52:26,103 [WARN] PackLoader:240 - Cannot read IP mode file for STMicroelectronics.X-CUBE-BLE2.3.3.0
2025-07-11 08:52:26,110 [WARN] PackLoader:240 - Cannot read IP mode file for STMicroelectronics.X-CUBE-NFC9.1.0.0
2025-07-11 08:52:26,116 [WARN] PackLoader:240 - Cannot read IP mode file for wolfSSL.I-CUBE-wolfSSL.5.8.0
2025-07-11 08:52:26,121 [WARN] PackLoader:240 - Cannot read IP mode file for STMicroelectronics.X-CUBE-BLE1.7.1.0
2025-07-11 08:52:26,126 [WARN] PackLoader:240 - Cannot read IP mode file for wolfSSL.I-CUBE-wolfMQTT.1.19.2
2025-07-11 08:52:26,134 [WARN] PackLoader:240 - Cannot read IP mode file for STMicroelectronics.X-CUBE-AI.10.1.0
2025-07-11 08:52:26,159 [WARN] PackLoader:240 - Cannot read IP mode file for STMicroelectronics.X-CUBE-AZRTOS-G0.1.1.0
2025-07-11 08:52:26,170 [WARN] PackLoader:240 - Cannot read IP mode file for STMicroelectronics.X-CUBE-SAFEA1.1.2.2
2025-07-11 08:52:26,179 [WARN] PackLoader:240 - Cannot read IP mode file for STMicroelectronics.X-CUBE-NFC4.3.0.0
2025-07-11 08:52:26,219 [WARN] PackLoader:240 - Cannot read IP mode file for EmbeddedOffice.I-CUBE-FS-RTOS.1.0.1
2025-07-11 08:52:26,230 [WARN] PackLoader:240 - Cannot read IP mode file for STMicroelectronics.X-CUBE-WB05N.2.0.0
2025-07-11 08:52:26,235 [WARN] PackLoader:240 - Cannot read IP mode file for wolfSSL.I-CUBE-wolfTPM.3.8.0
2025-07-11 08:52:26,243 [WARN] PackLoader:240 - Cannot read IP mode file for STMicroelectronics.X-CUBE-TCPP.4.2.0
2025-07-11 08:52:26,267 [WARN] PackLoader:240 - Cannot read IP mode file for RealThread.X-CUBE-RT-Thread_Nano.4.1.1
2025-07-11 08:52:26,280 [WARN] PackLoader:240 - Cannot read IP mode file for STMicroelectronics.FP-ATR-SIGFOX1.3.2.0
2025-07-11 08:52:26,289 [WARN] PackLoader:240 - Cannot read IP mode file for STMicroelectronics.X-CUBE-EEPRMA1.5.1.0
2025-07-11 08:52:26,311 [WARN] PackLoader:240 - Cannot read IP mode file for ITTIA_DB.I-CUBE-ITTIADB.8.9.0
2025-07-11 08:52:26,328 [WARN] PackLoader:240 - Cannot read IP mode file for STMicroelectronics.X-CUBE-ST67W61.1.0.0
2025-07-11 08:52:26,375 [WARN] PackLoader:240 - Cannot read IP mode file for SEGGER.I-CUBE-embOS.1.3.1
2025-07-11 08:52:26,462 [WARN] PackLoader:240 - Cannot read IP mode file for STMicroelectronics.X-CUBE-ALGOBUILD.1.4.0
2025-07-11 08:52:26,543 [WARN] PackLoader:240 - Cannot read IP mode file for STMicroelectronics.X-CUBE-MEMS1.11.3.0
2025-07-11 08:52:26,727 [WARN] PackLoader:240 - Cannot read IP mode file for STMicroelectronics.X-CUBE-PM33A1.1.0.0
2025-07-11 08:52:26,772 [WARN] PackLoader:240 - Cannot read IP mode file for STMicroelectronics.X-CUBE-AZRTOS-F4.1.1.0
2025-07-11 08:52:26,781 [WARN] PackLoader:240 - Cannot read IP mode file for Avnet-IotConnect.X-CUBE-IoTC-DA16k-PMOD.1.0.0
2025-07-11 08:52:26,783 [WARN] PackLoader:240 - Cannot read IP mode file for STMicroelectronics.X-CUBE-ISPU.2.1.0
2025-07-11 08:52:26,811 [WARN] PackLoader:240 - Cannot read IP mode file for STMicroelectronics.X-CUBE-AZRTOS-L5.2.0.0
2025-07-11 08:52:26,824 [WARN] PackLoader:240 - Cannot read IP mode file for STMicroelectronics.X-CUBE-NFC6.3.1.0
2025-07-11 08:52:26,844 [WARN] PackLoader:240 - Cannot read IP mode file for STMicroelectronics.X-CUBE-FREERTOS.1.3.1
2025-07-11 08:52:26,856 [WARN] PackLoader:240 - Cannot read IP mode file for STMicroelectronics.FP-SNS-STAIOTCFT.1.0.0
2025-07-11 08:52:26,865 [WARN] PackLoader:240 - Cannot read IP mode file for STMicroelectronics.X-CUBE-DPower.1.3.0
2025-07-11 08:52:26,986 [WARN] ConditionMgr:438 - getConditionDescription Invalid condition id : LAN8742 Phy interface Condition cause : null
2025-07-11 08:52:26,987 [WARN] PackLoader:240 - Cannot read IP mode file for STMicroelectronics.X-CUBE-AZRTOS-L4.2.0.0
2025-07-11 08:52:26,997 [WARN] ConditionMgr:1044 - genDependencies : Invalid condition id : LAN8742 Phy interface Condition cause : null
2025-07-11 08:52:26,997 [WARN] ConditionMgr:1044 - genDependencies : Invalid condition id : LAN8742 Phy interface Condition cause : null
2025-07-11 08:52:26,998 [WARN] ConditionMgr:1044 - genDependencies : Invalid condition id : LAN8742 Phy interface Condition cause : null
2025-07-11 08:52:27,024 [WARN] PackLoader:240 - Cannot read IP mode file for STMicroelectronics.X-CUBE-SFXS2LP1.4.0.0
2025-07-11 08:52:27,083 [WARN] PackLoader:240 - Cannot read IP mode file for STMicroelectronics.X-CUBE-AZRTOS-H7.3.3.0
2025-07-11 08:52:27,210 [WARN] ConditionMgr:438 - getConditionDescription Invalid condition id : UX DEVICE CLASS RTOS Condition cause : null
2025-07-11 08:52:27,210 [WARN] ConditionMgr:438 - getConditionDescription Invalid condition id : UX DEVICE CLASS RTOS Condition cause : null
2025-07-11 08:52:27,213 [WARN] PackLoader:240 - Cannot read IP mode file for STMicroelectronics.X-CUBE-AZRTOS-WB.2.0.0
2025-07-11 08:52:27,214 [WARN] ConditionMgr:1044 - genDependencies : Invalid condition id : UX DEVICE CLASS RTOS Condition cause : null
2025-07-11 08:52:27,214 [WARN] ConditionMgr:1044 - genDependencies : Invalid condition id : UX DEVICE CLASS RTOS Condition cause : null
2025-07-11 08:52:27,214 [WARN] ConditionMgr:1044 - genDependencies : Invalid condition id : UX DEVICE CLASS RTOS Condition cause : null
2025-07-11 08:52:27,215 [WARN] ConditionMgr:1044 - genDependencies : Invalid condition id : UX DEVICE CLASS RTOS Condition cause : null
2025-07-11 08:52:27,215 [WARN] ConditionMgr:1044 - genDependencies : Invalid condition id : UX DEVICE CLASS RTOS Condition cause : null
2025-07-11 08:52:27,224 [WARN] PackLoader:240 - Cannot read IP mode file for STMicroelectronics.X-CUBE-GNSS1.7.0.1
2025-07-11 08:52:27,232 [WARN] PackLoader:240 - Cannot read IP mode file for STMicroelectronics.X-CUBE-TOUCHGFX.4.25.0
2025-07-11 08:52:27,241 [WARN] PackLoader:240 - Cannot read IP mode file for STMicroelectronics.FP-SNS-STBOX1.2.0.0
2025-07-11 08:52:27,259 [WARN] PackLoader:240 - Cannot read IP mode file for STMicroelectronics.X-CUBE-SUBG2.5.0.0
2025-07-11 08:52:27,279 [WARN] PackLoader:240 - Cannot read IP mode file for STMicroelectronics.X-CUBE-AZRTOS-H7RS.1.1.0
2025-07-11 08:52:27,285 [WARN] PackLoader:240 - Cannot read IP mode file for Cesanta.I-CUBE-Mongoose.7.13.0
2025-07-11 08:52:27,314 [WARN] PackLoader:240 - Cannot read IP mode file for STMicroelectronics.X-CUBE-AZRTOS-G4.2.0.0
2025-07-11 08:52:27,322 [WARN] PackLoader:240 - Cannot read IP mode file for wolfSSL.I-CUBE-wolfSSH.1.4.20
2025-07-11 08:52:27,328 [WARN] PackLoader:240 - Cannot read IP mode file for STMicroelectronics.X-CUBE-NFC7.2.0.0
2025-07-11 08:52:27,342 [WARN] PackLoader:240 - Cannot read IP mode file for STMicroelectronics.X-CUBE-IPS.3.1.0
2025-07-11 08:52:27,352 [WARN] PackLoader:240 - Cannot read IP mode file for STMicroelectronics.X-CUBE-ALS.1.0.2
2025-07-11 08:52:27,358 [WARN] PackLoader:240 - Cannot read IP mode file for portGmbH.I-Cube-SoM-uGOAL.1.1.0
2025-07-11 08:52:27,369 [WARN] PackLoader:240 - Cannot read IP mode file for STMicroelectronics.X-CUBE-TOF1.3.4.3
2025-07-11 08:52:27,380 [INFO] ThirdParty:978 - Integrity check success = true
2025-07-11 08:52:27,380 [INFO] IntegrityCheckThread:100 - exiting critical section [integrity check]
2025-07-11 08:52:27,380 [INFO] IntegrityCheckThread:103 - End integrity checks thread
2025-07-11 08:52:27,810 [INFO] WebApp:463 - Apply proxy settings
2025-07-11 08:52:27,810 [INFO] WebApp:548 - Chromium requires no authentication
2025-07-11 08:52:27,818 [INFO] WebApp:491 - Direct internet connection detected
2025-07-11 08:52:27,839 [INFO] WebApp:900 - Register for checkConnection events
2025-07-11 08:52:27,839 [INFO] WebApp:463 - Apply proxy settings
2025-07-11 08:52:27,840 [INFO] WebApp:548 - Chromium requires no authentication
2025-07-11 08:52:27,840 [INFO] WebApp:491 - Direct internet connection detected
2025-07-11 08:52:27,984 [INFO] WebApp:225 - Starting web application
2025-07-11 08:52:27,984 [INFO] WebApp:593 - Web application path used /opt/st/stm32cubeide_1.18.1/../../../home/user20/.eclipse/com.st.stm32cube.ide.mcu.rcp.product_1.18.1_139067097_linux_gtk_x86_64/plugins/com.st.stm32cube.common.mx_6.15.0.202507011659/db/plugins/mcufinder/reactClient1/index.html
2025-07-11 08:52:28,524 [INFO] WebApp:191 - Connection restablished
2025-07-11 08:52:51,107 [ERROR] LogOutputStream:75 - [STDERR_REDIRECT] Jul 11, 2025 8:52:51 AM java.util.prefs.FileSystemPreferences checkLockFile0ErrorCode
2025-07-11 08:52:51,107 [ERROR] LogOutputStream:75 - [STDERR_REDIRECT] WARNING: Could not lock System prefs. Unix error code 2.
2025-07-11 08:52:51,108 [ERROR] LogOutputStream:75 - [STDERR_REDIRECT] 
2025-07-11 08:52:51,108 [ERROR] LogOutputStream:75 - [STDERR_REDIRECT] Jul 11, 2025 8:52:51 AM java.util.prefs.FileSystemPreferences syncWorld
2025-07-11 08:52:51,108 [ERROR] LogOutputStream:75 - [STDERR_REDIRECT] WARNING: Couldn't flush system prefs: java.util.prefs.BackingStoreException: Couldn't get file lock.
2025-07-11 08:52:51,108 [ERROR] LogOutputStream:75 - [STDERR_REDIRECT] 
2025-07-11 08:53:21,100 [ERROR] LogOutputStream:75 - [STDERR_REDIRECT] Jul 11, 2025 8:53:21 AM java.util.prefs.FileSystemPreferences checkLockFile0ErrorCode
2025-07-11 08:53:21,100 [ERROR] LogOutputStream:75 - [STDERR_REDIRECT] WARNING: Could not lock System prefs. Unix error code 2.
2025-07-11 08:53:21,101 [ERROR] LogOutputStream:75 - [STDERR_REDIRECT] 
2025-07-11 08:53:21,101 [ERROR] LogOutputStream:75 - [STDERR_REDIRECT] Jul 11, 2025 8:53:21 AM java.util.prefs.FileSystemPreferences syncWorld
2025-07-11 08:53:21,101 [ERROR] LogOutputStream:75 - [STDERR_REDIRECT] WARNING: Couldn't flush system prefs: java.util.prefs.BackingStoreException: Couldn't get file lock.
2025-07-11 08:53:21,102 [ERROR] LogOutputStream:75 - [STDERR_REDIRECT] 
2025-07-11 08:53:51,100 [ERROR] LogOutputStream:75 - [STDERR_REDIRECT] Jul 11, 2025 8:53:51 AM java.util.prefs.FileSystemPreferences checkLockFile0ErrorCode
2025-07-11 08:53:51,100 [ERROR] LogOutputStream:75 - [STDERR_REDIRECT] WARNING: Could not lock System prefs. Unix error code 2.
2025-07-11 08:53:51,100 [ERROR] LogOutputStream:75 - [STDERR_REDIRECT] 
2025-07-11 08:53:51,100 [ERROR] LogOutputStream:75 - [STDERR_REDIRECT] Jul 11, 2025 8:53:51 AM java.util.prefs.FileSystemPreferences syncWorld
2025-07-11 08:53:51,100 [ERROR] LogOutputStream:75 - [STDERR_REDIRECT] WARNING: Couldn't flush system prefs: java.util.prefs.BackingStoreException: Couldn't get file lock.
2025-07-11 08:53:51,100 [ERROR] LogOutputStream:75 - [STDERR_REDIRECT] 
2025-07-11 08:54:21,100 [ERROR] LogOutputStream:75 - [STDERR_REDIRECT] Jul 11, 2025 8:54:21 AM java.util.prefs.FileSystemPreferences checkLockFile0ErrorCode
2025-07-11 08:54:21,100 [ERROR] LogOutputStream:75 - [STDERR_REDIRECT] WARNING: Could not lock System prefs. Unix error code 2.
2025-07-11 08:54:21,100 [ERROR] LogOutputStream:75 - [STDERR_REDIRECT] 
2025-07-11 08:54:21,101 [ERROR] LogOutputStream:75 - [STDERR_REDIRECT] Jul 11, 2025 8:54:21 AM java.util.prefs.FileSystemPreferences syncWorld
2025-07-11 08:54:21,101 [ERROR] LogOutputStream:75 - [STDERR_REDIRECT] WARNING: Couldn't flush system prefs: java.util.prefs.BackingStoreException: Couldn't get file lock.
2025-07-11 08:54:21,101 [ERROR] LogOutputStream:75 - [STDERR_REDIRECT] 
2025-07-11 08:54:51,100 [ERROR] LogOutputStream:75 - [STDERR_REDIRECT] Jul 11, 2025 8:54:51 AM java.util.prefs.FileSystemPreferences checkLockFile0ErrorCode
2025-07-11 08:54:51,101 [ERROR] LogOutputStream:75 - [STDERR_REDIRECT] WARNING: Could not lock System prefs. Unix error code 2.
2025-07-11 08:54:51,101 [ERROR] LogOutputStream:75 - [STDERR_REDIRECT] 
2025-07-11 08:54:51,101 [ERROR] LogOutputStream:75 - [STDERR_REDIRECT] Jul 11, 2025 8:54:51 AM java.util.prefs.FileSystemPreferences syncWorld
2025-07-11 08:54:51,101 [ERROR] LogOutputStream:75 - [STDERR_REDIRECT] WARNING: Couldn't flush system prefs: java.util.prefs.BackingStoreException: Couldn't get file lock.
2025-07-11 08:54:51,101 [ERROR] LogOutputStream:75 - [STDERR_REDIRECT] 
2025-07-11 08:55:21,101 [ERROR] LogOutputStream:75 - [STDERR_REDIRECT] Jul 11, 2025 8:55:21 AM java.util.prefs.FileSystemPreferences checkLockFile0ErrorCode
2025-07-11 08:55:21,101 [ERROR] LogOutputStream:75 - [STDERR_REDIRECT] WARNING: Could not lock System prefs. Unix error code 2.
2025-07-11 08:55:21,101 [ERROR] LogOutputStream:75 - [STDERR_REDIRECT] 
2025-07-11 08:55:21,102 [ERROR] LogOutputStream:75 - [STDERR_REDIRECT] Jul 11, 2025 8:55:21 AM java.util.prefs.FileSystemPreferences syncWorld
2025-07-11 08:55:21,102 [ERROR] LogOutputStream:75 - [STDERR_REDIRECT] WARNING: Couldn't flush system prefs: java.util.prefs.BackingStoreException: Couldn't get file lock.
2025-07-11 08:55:21,102 [ERROR] LogOutputStream:75 - [STDERR_REDIRECT] 
2025-07-11 08:55:51,101 [ERROR] LogOutputStream:75 - [STDERR_REDIRECT] Jul 11, 2025 8:55:51 AM java.util.prefs.FileSystemPreferences checkLockFile0ErrorCode
2025-07-11 08:55:51,101 [ERROR] LogOutputStream:75 - [STDERR_REDIRECT] WARNING: Could not lock System prefs. Unix error code 2.
2025-07-11 08:55:51,102 [ERROR] LogOutputStream:75 - [STDERR_REDIRECT] 
2025-07-11 08:55:51,102 [ERROR] LogOutputStream:75 - [STDERR_REDIRECT] Jul 11, 2025 8:55:51 AM java.util.prefs.FileSystemPreferences syncWorld
2025-07-11 08:55:51,102 [ERROR] LogOutputStream:75 - [STDERR_REDIRECT] WARNING: Couldn't flush system prefs: java.util.prefs.BackingStoreException: Couldn't get file lock.
2025-07-11 08:55:51,102 [ERROR] LogOutputStream:75 - [STDERR_REDIRECT] 
2025-07-11 08:55:56,516 [ERROR] LogOutputStream:75 - [STDERR_REDIRECT] 
2025-07-11 08:55:56,517 [ERROR] LogOutputStream:75 - [STDERR_REDIRECT] 
